<?xml version="1.0" encoding="UTF-8"?>
<testng-results ignored="0" total="0" passed="0" failed="0" skipped="0">
  <reporter-output>
  </reporter-output>
  <suite started-at="2022-11-29T06:01:53 WITA" name="Surefire suite" finished-at="2022-11-29T06:03:22 WITA" duration-ms="88972">
    <groups>
    </groups>
    <test started-at="2022-11-29T06:01:53 WITA" name="Surefire test" finished-at="2022-11-29T06:03:22 WITA" duration-ms="88972">
    </test> <!-- Surefire test -->
  </suite> <!-- Surefire suite -->
</testng-results>
